2024-09-05 15:43:22,339 INFO Starting test setup process...
2024-09-05 15:43:22,339 INFO Generating authentication token...
2024-09-05 15:43:22,342 INFO Base url is : https://reqres.in/api/
2024-09-05 15:43:22,342 INFO Authentication token generated successfully.
2024-09-05 15:43:22,342 INFO Test setup completed. Ready to execute tests.
2024-09-05 15:43:22,345 INFO Base url is : https://reqres.in/api/
2024-09-05 15:43:22,345 INFO *********** executing test_001 ****************
2024-09-05 15:43:22,345 INFO Request url is : https://reqres.in/api/users/2
2024-09-05 15:43:22,345 INFO Initializing GET rest call from https://reqres.in/api/users/2
2024-09-05 15:43:22,486 INFO Response JSON : {"data":{"id":2,"email":"janet.weaver@reqres.in","first_name":"Janet","last_name":"Weaver","avatar":"https://reqres.in/img/faces/2-image.jpg"},"support":{"url":"https://reqres.in/#support-heading","text":"To keep ReqRes free, contributions towards server costs are appreciated!"}}
2024-09-05 15:43:22,486 INFO GET Response : {'data': {'id': 2, 'email': 'janet.weaver@reqres.in', 'first_name': 'Janet', 'last_name': 'Weaver', 'avatar': 'https://reqres.in/img/faces/2-image.jpg'}, 'support': {'url': 'https://reqres.in/#support-heading', 'text': 'To keep ReqRes free, contributions towards server costs are appreciated!'}}
2024-09-05 15:43:22,486 INFO GET Request Status Code : 200
2024-09-05 15:43:22,486 INFO GET request is Successful.....
2024-09-05 15:43:22,486 INFO Response JSON : {"data":{"id":2,"email":"janet.weaver@reqres.in","first_name":"Janet","last_name":"Weaver","avatar":"https://reqres.in/img/faces/2-image.jpg"},"support":{"url":"https://reqres.in/#support-heading","text":"To keep ReqRes free, contributions towards server costs are appreciated!"}}
2024-09-05 15:43:22,486 INFO type of json response : <class 'dict'>
2024-09-05 15:43:22,488 INFO JSON data successfully saved to API_Requests/Data/Response_Body\get_data.json
2024-09-05 15:43:22,489 INFO Starting test cleanup process...
2024-09-05 15:43:22,489 INFO Cleaning up authentication token...
2024-09-05 15:43:22,489 INFO Authentication token cleaned up successfully.
2024-09-05 15:43:22,489 INFO Test cleanup completed. Resources released.
