2024-09-05 15:17:54,783 INFO Starting test setup process...
2024-09-05 15:17:54,783 INFO Generating authentication token...
2024-09-05 15:17:54,783 INFO Base url is : https://reqres.in/api/
2024-09-05 15:17:54,783 INFO Authentication token generated successfully.
2024-09-05 15:17:54,783 INFO Test setup completed. Ready to execute tests.
2024-09-05 15:17:54,789 INFO Base url is : https://reqres.in/api/
2024-09-05 15:17:54,789 INFO *********** executing test_004 ****************
2024-09-05 15:17:54,789 INFO Request url is : https://reqres.in/api/objects/6
2024-09-05 15:17:54,789 INFO Initializing DELETE REST call from https://reqres.in/api/objects/6
2024-09-05 15:17:55,291 ERROR Unknown content type or empty response.
2024-09-05 15:17:55,291 INFO DELETE Response : None
2024-09-05 15:17:55,291 INFO DELETE request Status code : 400
2024-09-05 15:17:55,291 ERROR PUT request Failed...!!!
2024-09-05 15:17:55,291 ERROR Unknown content type or empty response.
2024-09-05 15:17:55,291 ERROR Response Error Message: None
2024-09-05 15:17:55,291 ERROR Unknown content type or empty response.
2024-09-05 15:17:55,291 INFO Starting test cleanup process...
2024-09-05 15:17:55,291 INFO Cleaning up authentication token...
2024-09-05 15:17:55,291 INFO Authentication token cleaned up successfully.
2024-09-05 15:17:55,291 INFO Test cleanup completed. Resources released.
2024-09-05 15:17:55,307 INFO Starting test setup process...
2024-09-05 15:17:55,307 INFO Generating authentication token...
2024-09-05 15:17:55,307 INFO Base url is : https://reqres.in/api/
2024-09-05 15:17:55,307 INFO Authentication token generated successfully.
2024-09-05 15:17:55,307 INFO Test setup completed. Ready to execute tests.
2024-09-05 15:17:55,323 INFO Base url is : https://reqres.in/api/
2024-09-05 15:17:55,323 INFO *********** executing test_001 ****************
2024-09-05 15:17:55,323 INFO Request url is : https://reqres.in/api/users/2
2024-09-05 15:17:55,323 INFO Initializing GET rest call from https://reqres.in/api/users/2
2024-09-05 15:17:55,387 INFO Response JSON : {"data":{"id":2,"email":"janet.weaver@reqres.in","first_name":"Janet","last_name":"Weaver","avatar":"https://reqres.in/img/faces/2-image.jpg"},"support":{"url":"https://reqres.in/#support-heading","text":"To keep ReqRes free, contributions towards server costs are appreciated!"}}
2024-09-05 15:17:55,387 INFO GET Response : {'data': {'id': 2, 'email': 'janet.weaver@reqres.in', 'first_name': 'Janet', 'last_name': 'Weaver', 'avatar': 'https://reqres.in/img/faces/2-image.jpg'}, 'support': {'url': 'https://reqres.in/#support-heading', 'text': 'To keep ReqRes free, contributions towards server costs are appreciated!'}}
2024-09-05 15:17:55,387 INFO GET Request Status Code : 200
2024-09-05 15:17:55,387 INFO GET request is Successful.....
2024-09-05 15:17:55,402 INFO Response JSON : {"data":{"id":2,"email":"janet.weaver@reqres.in","first_name":"Janet","last_name":"Weaver","avatar":"https://reqres.in/img/faces/2-image.jpg"},"support":{"url":"https://reqres.in/#support-heading","text":"To keep ReqRes free, contributions towards server costs are appreciated!"}}
2024-09-05 15:17:55,402 INFO type of json response : <class 'dict'>
2024-09-05 15:17:55,402 INFO JSON data successfully saved to API_Requests/Data/Request_Body\get_data.json
2024-09-05 15:17:55,402 INFO Starting test cleanup process...
2024-09-05 15:17:55,402 INFO Cleaning up authentication token...
2024-09-05 15:17:55,402 INFO Authentication token cleaned up successfully.
2024-09-05 15:17:55,402 INFO Test cleanup completed. Resources released.
2024-09-05 15:17:55,418 INFO Starting test setup process...
2024-09-05 15:17:55,418 INFO Generating authentication token...
2024-09-05 15:17:55,418 INFO Base url is : https://reqres.in/api/
2024-09-05 15:17:55,418 INFO Authentication token generated successfully.
2024-09-05 15:17:55,418 INFO Test setup completed. Ready to execute tests.
2024-09-05 15:17:55,418 INFO Base url is : https://reqres.in/api/
2024-09-05 15:17:55,418 INFO *********** executing test_001 ****************
2024-09-05 15:17:55,418 INFO Request url is : https://reqres.in/api/unknown/23
2024-09-05 15:17:55,418 INFO Initializing GET rest call from https://reqres.in/api/unknown/23
2024-09-05 15:17:55,921 ERROR Unknown content type or empty response.
2024-09-05 15:17:55,921 INFO GET Response : None
2024-09-05 15:17:55,921 INFO GET Request Status Code : 400
2024-09-05 15:17:55,921 ERROR GET Request failed....!!!
2024-09-05 15:17:55,921 ERROR Unknown content type or empty response.
2024-09-05 15:17:55,921 ERROR Response Error Message: None
2024-09-05 15:17:55,921 ERROR Unknown content type or empty response.
2024-09-05 15:17:56,031 INFO Starting test cleanup process...
2024-09-05 15:17:56,031 INFO Cleaning up authentication token...
2024-09-05 15:17:56,031 INFO Authentication token cleaned up successfully.
2024-09-05 15:17:56,031 INFO Test cleanup completed. Resources released.
2024-09-05 15:17:56,048 INFO Starting test setup process...
2024-09-05 15:17:56,048 INFO Generating authentication token...
2024-09-05 15:17:56,048 INFO Base url is : https://reqres.in/api/
2024-09-05 15:17:56,048 INFO Authentication token generated successfully.
2024-09-05 15:17:56,048 INFO Test setup completed. Ready to execute tests.
2024-09-05 15:17:56,048 INFO Base url is : https://reqres.in/api/
2024-09-05 15:17:56,048 INFO JSON data successfully read from API_Requests/Data/Request_Body\post_data.json
2024-09-05 15:17:56,048 INFO *********** executing test_005 ****************
2024-09-05 15:17:56,048 INFO Request url is : https://reqres.in/api/users
2024-09-05 15:17:56,048 INFO Initializing POST rest call from https://reqres.in/api/users
2024-09-05 15:17:56,533 INFO Response JSON : {"name":"morpheus","job":"leader","id":"344","createdAt":"2024-09-05T09:46:23.717Z"}
2024-09-05 15:17:56,533 INFO POST Response : {'name': 'morpheus', 'job': 'leader', 'id': '344', 'createdAt': '2024-09-05T09:46:23.717Z'}
2024-09-05 15:17:56,533 INFO POST Request Status Code : 201
2024-09-05 15:17:56,533 INFO POST Request Status Code : 201
2024-09-05 15:17:56,533 INFO POST request is successful...
2024-09-05 15:17:56,533 INFO Response JSON : {"name":"morpheus","job":"leader","id":"344","createdAt":"2024-09-05T09:46:23.717Z"}
2024-09-05 15:17:56,533 INFO Starting test cleanup process...
2024-09-05 15:17:56,533 INFO Cleaning up authentication token...
2024-09-05 15:17:56,533 INFO Authentication token cleaned up successfully.
2024-09-05 15:17:56,533 INFO Test cleanup completed. Resources released.
2024-09-05 15:17:56,549 INFO Starting test setup process...
2024-09-05 15:17:56,549 INFO Generating authentication token...
2024-09-05 15:17:56,558 INFO Base url is : https://reqres.in/api/
2024-09-05 15:17:56,559 INFO Authentication token generated successfully.
2024-09-05 15:17:56,559 INFO Test setup completed. Ready to execute tests.
2024-09-05 15:17:56,562 INFO Base url is : https://reqres.in/api/
2024-09-05 15:17:56,563 INFO *********** executing test_002 ****************
2024-09-05 15:17:56,563 INFO Request url is : https://reqres.in/api/users
2024-09-05 15:17:56,563 INFO Initializing POST rest call from https://reqres.in/api/users
2024-09-05 15:17:57,036 INFO Response JSON : {"name":"morpheus","job":"leader","id":"349","createdAt":"2024-09-05T09:46:24.205Z"}
2024-09-05 15:17:57,036 INFO POST Response : {'name': 'morpheus', 'job': 'leader', 'id': '349', 'createdAt': '2024-09-05T09:46:24.205Z'}
2024-09-05 15:17:57,036 INFO POST Request Status Code : 201
2024-09-05 15:17:57,036 INFO POST Request Status Code : 201
2024-09-05 15:17:57,036 INFO POST request is successful...
2024-09-05 15:17:57,036 INFO Response JSON : {"name":"morpheus","job":"leader","id":"349","createdAt":"2024-09-05T09:46:24.205Z"}
2024-09-05 15:17:57,036 INFO Starting test cleanup process...
2024-09-05 15:17:57,036 INFO Cleaning up authentication token...
2024-09-05 15:17:57,036 INFO Authentication token cleaned up successfully.
2024-09-05 15:17:57,036 INFO Test cleanup completed. Resources released.
2024-09-05 15:17:57,052 INFO Starting test setup process...
2024-09-05 15:17:57,052 INFO Generating authentication token...
2024-09-05 15:17:57,052 INFO Base url is : https://reqres.in/api/
2024-09-05 15:17:57,052 INFO Authentication token generated successfully.
2024-09-05 15:17:57,052 INFO Test setup completed. Ready to execute tests.
2024-09-05 15:17:57,052 INFO Base url is : https://reqres.in/api/
2024-09-05 15:17:57,052 INFO JSON data successfully read from API_Requests/Data/Request_Body\put_data.json
2024-09-05 15:17:57,052 INFO *********** executing test_003 ****************
2024-09-05 15:17:57,052 INFO Request url is : https://reqres.in/api/users/2
2024-09-05 15:17:57,052 INFO Initializing PUT rest call from https://reqres.in/api/users/2
2024-09-05 15:17:57,545 INFO Response JSON : {"name":"morpheus","job":"zion resident","updatedAt":"2024-09-05T09:46:24.698Z"}
2024-09-05 15:17:57,545 INFO PUT Response : {'name': 'morpheus', 'job': 'zion resident', 'updatedAt': '2024-09-05T09:46:24.698Z'}
2024-09-05 15:17:57,545 INFO PUT request Status code : 200
2024-09-05 15:17:57,545 INFO PUT request is successful.....
2024-09-05 15:17:57,545 INFO Response JSON : {"name":"morpheus","job":"zion resident","updatedAt":"2024-09-05T09:46:24.698Z"}
2024-09-05 15:17:57,545 INFO Starting test cleanup process...
2024-09-05 15:17:57,545 INFO Cleaning up authentication token...
2024-09-05 15:17:57,545 INFO Authentication token cleaned up successfully.
2024-09-05 15:17:57,545 INFO Test cleanup completed. Resources released.
2024-09-05 15:17:57,566 INFO Starting test setup process...
2024-09-05 15:17:57,566 INFO Generating authentication token...
2024-09-05 15:17:57,566 INFO Base url is : https://reqres.in/api/
2024-09-05 15:17:57,566 INFO Authentication token generated successfully.
2024-09-05 15:17:57,566 INFO Test setup completed. Ready to execute tests.
2024-09-05 15:17:57,566 INFO Base url is : https://reqres.in/api/
2024-09-05 15:17:57,566 INFO *********** executing test_007 ****************
2024-09-05 15:17:57,566 INFO Request url is : https://reqres.in/api/register
2024-09-05 15:17:57,566 INFO Initializing POST rest call from https://reqres.in/api/register
2024-09-05 15:17:58,053 INFO Response JSON : {"error":"Missing password"}
2024-09-05 15:17:58,053 INFO POST Response : {'error': 'Missing password'}
2024-09-05 15:17:58,053 INFO POST Request Status Code : 400
2024-09-05 15:17:58,053 ERROR POST Request Failed
2024-09-05 15:17:58,053 INFO Response JSON : {"error":"Missing password"}
2024-09-05 15:17:58,053 ERROR Response Error message: {'error': 'Missing password'}
2024-09-05 15:17:58,053 INFO Response JSON : {"error":"Missing password"}
2024-09-05 15:17:58,069 INFO Starting test cleanup process...
2024-09-05 15:17:58,069 INFO Cleaning up authentication token...
2024-09-05 15:17:58,069 INFO Authentication token cleaned up successfully.
2024-09-05 15:17:58,069 INFO Test cleanup completed. Resources released.
