2024-09-05 15:15:53,140 INFO Starting test setup process...
2024-09-05 15:15:53,140 INFO Generating authentication token...
2024-09-05 15:15:53,140 INFO Base url is : https://reqres.in/api/
2024-09-05 15:15:53,140 INFO Authentication token generated successfully.
2024-09-05 15:15:53,140 INFO Test setup completed. Ready to execute tests.
2024-09-05 15:15:53,156 INFO Base url is : https://reqres.in/api/
2024-09-05 15:15:53,156 INFO *********** executing test_004 ****************
2024-09-05 15:15:53,156 INFO Request url is : https://reqres.in/api/objects/6
2024-09-05 15:15:53,156 INFO Initializing DELETE REST call from https://reqres.in/api/objects/6
2024-09-05 15:15:53,572 ERROR Unknown content type or empty response.
2024-09-05 15:15:53,572 INFO DELETE Response : None
2024-09-05 15:15:53,572 INFO DELETE request Status code : 400
2024-09-05 15:15:53,572 ERROR PUT request Failed...!!!
2024-09-05 15:15:53,572 ERROR Unknown content type or empty response.
2024-09-05 15:15:53,572 ERROR Response Error Message: None
2024-09-05 15:15:53,572 ERROR Unknown content type or empty response.
2024-09-05 15:15:53,586 INFO Starting test cleanup process...
2024-09-05 15:15:53,586 INFO Cleaning up authentication token...
2024-09-05 15:15:53,586 INFO Authentication token cleaned up successfully.
2024-09-05 15:15:53,586 INFO Test cleanup completed. Resources released.
2024-09-05 15:15:53,586 INFO Starting test setup process...
2024-09-05 15:15:53,586 INFO Generating authentication token...
2024-09-05 15:15:53,586 INFO Base url is : https://reqres.in/api/
2024-09-05 15:15:53,586 INFO Authentication token generated successfully.
2024-09-05 15:15:53,586 INFO Test setup completed. Ready to execute tests.
2024-09-05 15:15:53,586 INFO Base url is : https://reqres.in/api/
2024-09-05 15:15:53,586 INFO *********** executing test_001 ****************
2024-09-05 15:15:53,586 INFO Request url is : https://reqres.in/api/users/2
2024-09-05 15:15:53,586 INFO Initializing GET rest call from https://reqres.in/api/users/2
2024-09-05 15:15:53,666 INFO Response JSON : {"data":{"id":2,"email":"janet.weaver@reqres.in","first_name":"Janet","last_name":"Weaver","avatar":"https://reqres.in/img/faces/2-image.jpg"},"support":{"url":"https://reqres.in/#support-heading","text":"To keep ReqRes free, contributions towards server costs are appreciated!"}}
2024-09-05 15:15:53,666 INFO GET Response : {'data': {'id': 2, 'email': 'janet.weaver@reqres.in', 'first_name': 'Janet', 'last_name': 'Weaver', 'avatar': 'https://reqres.in/img/faces/2-image.jpg'}, 'support': {'url': 'https://reqres.in/#support-heading', 'text': 'To keep ReqRes free, contributions towards server costs are appreciated!'}}
2024-09-05 15:15:53,666 INFO GET Request Status Code : 200
2024-09-05 15:15:53,666 INFO GET request is Successful.....
2024-09-05 15:15:53,666 INFO Response JSON : {"data":{"id":2,"email":"janet.weaver@reqres.in","first_name":"Janet","last_name":"Weaver","avatar":"https://reqres.in/img/faces/2-image.jpg"},"support":{"url":"https://reqres.in/#support-heading","text":"To keep ReqRes free, contributions towards server costs are appreciated!"}}
2024-09-05 15:15:53,666 INFO type of json response : <class 'dict'>
2024-09-05 15:15:53,666 INFO JSON data successfully saved to API_Requests/Data/Request_Body\get_data.json
2024-09-05 15:15:53,681 INFO Starting test cleanup process...
2024-09-05 15:15:53,682 INFO Cleaning up authentication token...
2024-09-05 15:15:53,682 INFO Authentication token cleaned up successfully.
2024-09-05 15:15:53,682 INFO Test cleanup completed. Resources released.
2024-09-05 15:15:53,682 INFO Starting test setup process...
2024-09-05 15:15:53,682 INFO Generating authentication token...
2024-09-05 15:15:53,686 INFO Base url is : https://reqres.in/api/
2024-09-05 15:15:53,686 INFO Authentication token generated successfully.
2024-09-05 15:15:53,686 INFO Test setup completed. Ready to execute tests.
2024-09-05 15:15:53,686 INFO Base url is : https://reqres.in/api/
2024-09-05 15:15:53,686 INFO *********** executing test_001 ****************
2024-09-05 15:15:53,686 INFO Request url is : https://reqres.in/api/unknown/23
2024-09-05 15:15:53,686 INFO Initializing GET rest call from https://reqres.in/api/unknown/23
2024-09-05 15:15:54,143 ERROR Unknown content type or empty response.
2024-09-05 15:15:54,143 INFO GET Response : None
2024-09-05 15:15:54,143 INFO GET Request Status Code : 400
2024-09-05 15:15:54,143 ERROR GET Request failed....!!!
2024-09-05 15:15:54,159 ERROR Unknown content type or empty response.
2024-09-05 15:15:54,159 ERROR Response Error Message: None
2024-09-05 15:15:54,159 ERROR Unknown content type or empty response.
2024-09-05 15:15:54,270 INFO Starting test cleanup process...
2024-09-05 15:15:54,270 INFO Cleaning up authentication token...
2024-09-05 15:15:54,270 INFO Authentication token cleaned up successfully.
2024-09-05 15:15:54,270 INFO Test cleanup completed. Resources released.
2024-09-05 15:15:54,270 INFO Starting test setup process...
2024-09-05 15:15:54,270 INFO Generating authentication token...
2024-09-05 15:15:54,270 INFO Base url is : https://reqres.in/api/
2024-09-05 15:15:54,270 INFO Authentication token generated successfully.
2024-09-05 15:15:54,270 INFO Test setup completed. Ready to execute tests.
2024-09-05 15:15:54,288 INFO Base url is : https://reqres.in/api/
2024-09-05 15:15:54,288 INFO JSON data successfully read from API_Requests/Data/Request_Body\post_data.json
2024-09-05 15:15:54,290 INFO *********** executing test_005 ****************
2024-09-05 15:15:54,290 INFO Request url is : https://reqres.in/api/users
2024-09-05 15:15:54,290 INFO Initializing POST rest call from https://reqres.in/api/users
2024-09-05 15:15:54,759 INFO Response JSON : {"name":"morpheus","job":"leader","id":"929","createdAt":"2024-09-05T09:44:21.984Z"}
2024-09-05 15:15:54,774 INFO POST Response : {'name': 'morpheus', 'job': 'leader', 'id': '929', 'createdAt': '2024-09-05T09:44:21.984Z'}
2024-09-05 15:15:54,774 INFO POST Request Status Code : 201
2024-09-05 15:15:54,774 INFO POST Request Status Code : 201
2024-09-05 15:15:54,774 INFO POST request is successful...
2024-09-05 15:15:54,774 INFO Response JSON : {"name":"morpheus","job":"leader","id":"929","createdAt":"2024-09-05T09:44:21.984Z"}
2024-09-05 15:15:54,774 INFO Starting test cleanup process...
2024-09-05 15:15:54,774 INFO Cleaning up authentication token...
2024-09-05 15:15:54,774 INFO Authentication token cleaned up successfully.
2024-09-05 15:15:54,774 INFO Test cleanup completed. Resources released.
2024-09-05 15:15:54,774 INFO Starting test setup process...
2024-09-05 15:15:54,774 INFO Generating authentication token...
2024-09-05 15:15:54,774 INFO Base url is : https://reqres.in/api/
2024-09-05 15:15:54,774 INFO Authentication token generated successfully.
2024-09-05 15:15:54,774 INFO Test setup completed. Ready to execute tests.
2024-09-05 15:15:54,774 INFO Base url is : https://reqres.in/api/
2024-09-05 15:15:54,774 INFO *********** executing test_002 ****************
2024-09-05 15:15:54,774 INFO Request url is : https://reqres.in/api/users
2024-09-05 15:15:54,789 INFO Initializing POST rest call from https://reqres.in/api/users
2024-09-05 15:15:55,189 INFO Response JSON : {"name":"morpheus","job":"leader","id":"736","createdAt":"2024-09-05T09:44:22.468Z"}
2024-09-05 15:15:55,189 INFO POST Response : {'name': 'morpheus', 'job': 'leader', 'id': '736', 'createdAt': '2024-09-05T09:44:22.468Z'}
2024-09-05 15:15:55,189 INFO POST Request Status Code : 201
2024-09-05 15:15:55,189 INFO POST Request Status Code : 201
2024-09-05 15:15:55,189 INFO POST request is successful...
2024-09-05 15:15:55,189 INFO Response JSON : {"name":"morpheus","job":"leader","id":"736","createdAt":"2024-09-05T09:44:22.468Z"}
2024-09-05 15:15:55,189 INFO Starting test cleanup process...
2024-09-05 15:15:55,189 INFO Cleaning up authentication token...
2024-09-05 15:15:55,189 INFO Authentication token cleaned up successfully.
2024-09-05 15:15:55,189 INFO Test cleanup completed. Resources released.
2024-09-05 15:15:55,203 INFO Starting test setup process...
2024-09-05 15:15:55,203 INFO Generating authentication token...
2024-09-05 15:15:55,204 INFO Base url is : https://reqres.in/api/
2024-09-05 15:15:55,204 INFO Authentication token generated successfully.
2024-09-05 15:15:55,204 INFO Test setup completed. Ready to execute tests.
2024-09-05 15:15:55,204 INFO Base url is : https://reqres.in/api/
2024-09-05 15:15:55,204 INFO JSON data successfully read from API_Requests/Data/Request_Body\put_data.json
2024-09-05 15:15:55,204 INFO *********** executing test_003 ****************
2024-09-05 15:15:55,204 INFO Request url is : https://reqres.in/api/users/2
2024-09-05 15:15:55,204 INFO Initializing PUT rest call from https://reqres.in/api/users/2
2024-09-05 15:15:55,692 INFO Response JSON : {"name":"morpheus","job":"zion resident","updatedAt":"2024-09-05T09:44:22.838Z"}
2024-09-05 15:15:55,692 INFO PUT Response : {'name': 'morpheus', 'job': 'zion resident', 'updatedAt': '2024-09-05T09:44:22.838Z'}
2024-09-05 15:15:55,692 INFO PUT request Status code : 200
2024-09-05 15:15:55,692 INFO PUT request is successful.....
2024-09-05 15:15:55,692 INFO Response JSON : {"name":"morpheus","job":"zion resident","updatedAt":"2024-09-05T09:44:22.838Z"}
2024-09-05 15:15:55,692 INFO Starting test cleanup process...
2024-09-05 15:15:55,692 INFO Cleaning up authentication token...
2024-09-05 15:15:55,692 INFO Authentication token cleaned up successfully.
2024-09-05 15:15:55,692 INFO Test cleanup completed. Resources released.
2024-09-05 15:15:55,692 INFO Starting test setup process...
2024-09-05 15:15:55,692 INFO Generating authentication token...
2024-09-05 15:15:55,692 INFO Base url is : https://reqres.in/api/
2024-09-05 15:15:55,708 INFO Authentication token generated successfully.
2024-09-05 15:15:55,708 INFO Test setup completed. Ready to execute tests.
2024-09-05 15:15:55,708 INFO Base url is : https://reqres.in/api/
2024-09-05 15:15:55,708 INFO *********** executing test_007 ****************
2024-09-05 15:15:55,708 INFO Request url is : https://reqres.in/api/register
2024-09-05 15:15:55,708 INFO Initializing POST rest call from https://reqres.in/api/register
2024-09-05 15:15:56,201 INFO Response JSON : {"error":"Missing password"}
2024-09-05 15:15:56,201 INFO POST Response : {'error': 'Missing password'}
2024-09-05 15:15:56,201 INFO POST Request Status Code : 400
2024-09-05 15:15:56,201 ERROR POST Request Failed
2024-09-05 15:15:56,201 INFO Response JSON : {"error":"Missing password"}
2024-09-05 15:15:56,201 ERROR Response Error message: {'error': 'Missing password'}
2024-09-05 15:15:56,201 INFO Response JSON : {"error":"Missing password"}
2024-09-05 15:15:56,219 INFO Starting test cleanup process...
2024-09-05 15:15:56,232 INFO Cleaning up authentication token...
2024-09-05 15:15:56,237 INFO Authentication token cleaned up successfully.
2024-09-05 15:15:56,237 INFO Test cleanup completed. Resources released.
