2024-09-05 14:44:18,580 INFO ===================Setup Initialised========================
2024-09-05 14:44:18,580 INFO creating driver instance created
2024-09-05 14:44:18,580 INFO Base url is : https://reqres.in/api/
2024-09-05 14:44:18,580 INFO ===================Setup Completed==========================
2024-09-05 14:44:18,580 INFO Base url is : https://reqres.in/api/
2024-09-05 14:44:18,580 INFO *********** executing test_004 ****************
2024-09-05 14:44:18,580 INFO Request url is : https://reqres.in/api/objects/6
2024-09-05 14:44:18,580 INFO Initializing DELETE REST call from https://reqres.in/api/objects/6
2024-09-05 14:44:19,102 ERROR Unknown content type or empty response.
2024-09-05 14:44:19,103 INFO DELETE Response : None
2024-09-05 14:44:19,103 INFO DELETE request Status code : 400
2024-09-05 14:44:19,103 ERROR PUT request Failed...!!!
2024-09-05 14:44:19,103 ERROR Unknown content type or empty response.
2024-09-05 14:44:19,103 ERROR Response Error Message: None
2024-09-05 14:44:19,103 ERROR Unknown content type or empty response.
2024-09-05 14:44:19,103 INFO ===================Teardown Initialised=====================
2024-09-05 14:44:19,103 INFO Clean-up started
2024-09-05 14:44:19,103 INFO clean completed
2024-09-05 14:44:19,103 INFO ===================Teardown Completed=======================
2024-09-05 14:44:19,103 INFO ===================Setup Initialised========================
2024-09-05 14:44:19,103 INFO creating driver instance created
2024-09-05 14:44:19,103 INFO Base url is : https://reqres.in/api/
2024-09-05 14:44:19,103 INFO ===================Setup Completed==========================
2024-09-05 14:44:19,103 INFO Base url is : https://reqres.in/api/
2024-09-05 14:44:19,103 INFO *********** executing test_001 ****************
2024-09-05 14:44:19,103 INFO Request url is : https://reqres.in/api/users/2
2024-09-05 14:44:19,119 INFO Initializing GET rest call from https://reqres.in/api/users/2
2024-09-05 14:44:19,202 INFO Response JSON : {"data":{"id":2,"email":"janet.weaver@reqres.in","first_name":"Janet","last_name":"Weaver","avatar":"https://reqres.in/img/faces/2-image.jpg"},"support":{"url":"https://reqres.in/#support-heading","text":"To keep ReqRes free, contributions towards server costs are appreciated!"}}
2024-09-05 14:44:19,213 INFO GET Response : {'data': {'id': 2, 'email': 'janet.weaver@reqres.in', 'first_name': 'Janet', 'last_name': 'Weaver', 'avatar': 'https://reqres.in/img/faces/2-image.jpg'}, 'support': {'url': 'https://reqres.in/#support-heading', 'text': 'To keep ReqRes free, contributions towards server costs are appreciated!'}}
2024-09-05 14:44:19,213 INFO GET Request Status Code : 200
2024-09-05 14:44:19,213 INFO GET request is Successful.....
2024-09-05 14:44:19,213 INFO Response JSON : {"data":{"id":2,"email":"janet.weaver@reqres.in","first_name":"Janet","last_name":"Weaver","avatar":"https://reqres.in/img/faces/2-image.jpg"},"support":{"url":"https://reqres.in/#support-heading","text":"To keep ReqRes free, contributions towards server costs are appreciated!"}}
2024-09-05 14:44:19,213 INFO type of json response : <class 'dict'>
2024-09-05 14:44:19,213 INFO JSON data successfully saved toAPI_Requests/Data/Request_Body\get_data.json
2024-09-05 14:44:19,213 INFO ===================Teardown Initialised=====================
2024-09-05 14:44:19,213 INFO Clean-up started
2024-09-05 14:44:19,213 INFO clean completed
2024-09-05 14:44:19,213 INFO ===================Teardown Completed=======================
2024-09-05 14:44:19,213 INFO ===================Setup Initialised========================
2024-09-05 14:44:19,213 INFO creating driver instance created
2024-09-05 14:44:19,213 INFO Base url is : https://reqres.in/api/
2024-09-05 14:44:19,213 INFO ===================Setup Completed==========================
2024-09-05 14:44:19,229 INFO Base url is : https://reqres.in/api/
2024-09-05 14:44:19,229 INFO *********** executing test_001 ****************
2024-09-05 14:44:19,229 INFO Request url is : https://reqres.in/api/unknown/23
2024-09-05 14:44:19,229 INFO Initializing GET rest call from https://reqres.in/api/unknown/23
2024-09-05 14:44:19,740 ERROR Unknown content type or empty response.
2024-09-05 14:44:19,740 INFO GET Response : None
2024-09-05 14:44:19,740 INFO GET Request Status Code : 400
2024-09-05 14:44:19,755 ERROR GET Request failed....!!!
2024-09-05 14:44:19,755 ERROR Unknown content type or empty response.
2024-09-05 14:44:19,757 ERROR Response Error Message: None
2024-09-05 14:44:19,758 ERROR Unknown content type or empty response.
2024-09-05 14:44:19,851 INFO ===================Teardown Initialised=====================
2024-09-05 14:44:19,866 INFO Clean-up started
2024-09-05 14:44:19,867 INFO clean completed
2024-09-05 14:44:19,867 INFO ===================Teardown Completed=======================
2024-09-05 14:44:19,867 INFO ===================Setup Initialised========================
2024-09-05 14:44:19,867 INFO creating driver instance created
2024-09-05 14:44:19,867 INFO Base url is : https://reqres.in/api/
2024-09-05 14:44:19,867 INFO ===================Setup Completed==========================
2024-09-05 14:44:19,867 INFO Base url is : https://reqres.in/api/
2024-09-05 14:44:19,873 INFO JSON data successfully read from API_Requests/Data/Request_Body\post_data.json
2024-09-05 14:44:19,873 INFO *********** executing test_005 ****************
2024-09-05 14:44:19,873 INFO Request url is : https://reqres.in/api/users
2024-09-05 14:44:19,873 INFO Initializing POST rest call from https://reqres.in/api/users
2024-09-05 14:44:20,431 INFO Response JSON : {"name":"morpheus","job":"leader","id":"289","createdAt":"2024-09-05T09:12:47.616Z"}
2024-09-05 14:44:20,431 INFO POST Response : {'name': 'morpheus', 'job': 'leader', 'id': '289', 'createdAt': '2024-09-05T09:12:47.616Z'}
2024-09-05 14:44:20,431 INFO POST Request Status Code : 201
2024-09-05 14:44:20,431 INFO POST Request Status Code : 201
2024-09-05 14:44:20,431 INFO POST request is successful...
2024-09-05 14:44:20,431 INFO Response JSON : {"name":"morpheus","job":"leader","id":"289","createdAt":"2024-09-05T09:12:47.616Z"}
2024-09-05 14:44:20,431 INFO ===================Teardown Initialised=====================
2024-09-05 14:44:20,431 INFO Clean-up started
2024-09-05 14:44:20,437 INFO clean completed
2024-09-05 14:44:20,437 INFO ===================Teardown Completed=======================
2024-09-05 14:44:20,437 INFO ===================Setup Initialised========================
2024-09-05 14:44:20,437 INFO creating driver instance created
2024-09-05 14:44:20,437 INFO Base url is : https://reqres.in/api/
2024-09-05 14:44:20,437 INFO ===================Setup Completed==========================
2024-09-05 14:44:20,437 INFO Base url is : https://reqres.in/api/
2024-09-05 14:44:20,437 INFO *********** executing test_002 ****************
2024-09-05 14:44:20,437 INFO Request url is : https://reqres.in/api/users
2024-09-05 14:44:20,437 INFO Initializing POST rest call from https://reqres.in/api/users
2024-09-05 14:44:20,943 INFO Response JSON : {"name":"morpheus","job":"leader","id":"719","createdAt":"2024-09-05T09:12:48.118Z"}
2024-09-05 14:44:20,943 INFO POST Response : {'name': 'morpheus', 'job': 'leader', 'id': '719', 'createdAt': '2024-09-05T09:12:48.118Z'}
2024-09-05 14:44:20,943 INFO POST Request Status Code : 201
2024-09-05 14:44:20,943 INFO POST Request Status Code : 201
2024-09-05 14:44:20,943 INFO POST request is successful...
2024-09-05 14:44:20,943 INFO Response JSON : {"name":"morpheus","job":"leader","id":"719","createdAt":"2024-09-05T09:12:48.118Z"}
2024-09-05 14:44:20,943 INFO ===================Teardown Initialised=====================
2024-09-05 14:44:20,943 INFO Clean-up started
2024-09-05 14:44:20,943 INFO clean completed
2024-09-05 14:44:20,943 INFO ===================Teardown Completed=======================
2024-09-05 14:44:20,943 INFO ===================Setup Initialised========================
2024-09-05 14:44:20,943 INFO creating driver instance created
2024-09-05 14:44:20,943 INFO Base url is : https://reqres.in/api/
2024-09-05 14:44:20,943 INFO ===================Setup Completed==========================
2024-09-05 14:44:20,943 INFO Base url is : https://reqres.in/api/
2024-09-05 14:44:20,954 INFO JSON data successfully read from API_Requests/Data/Request_Body\put_data.json
2024-09-05 14:44:20,954 INFO *********** executing test_003 ****************
2024-09-05 14:44:20,954 INFO Request url is : https://reqres.in/api/users/2
2024-09-05 14:44:20,954 INFO Initializing PUT rest call from https://reqres.in/api/users/2
2024-09-05 14:44:21,341 INFO Response JSON : {"name":"morpheus","job":"zion resident","updatedAt":"2024-09-05T09:12:48.603Z"}
2024-09-05 14:44:21,341 INFO PUT Response : {'name': 'morpheus', 'job': 'zion resident', 'updatedAt': '2024-09-05T09:12:48.603Z'}
2024-09-05 14:44:21,341 INFO PUT request Status code : 200
2024-09-05 14:44:21,341 INFO PUT request is successful.....
2024-09-05 14:44:21,341 INFO Response JSON : {"name":"morpheus","job":"zion resident","updatedAt":"2024-09-05T09:12:48.603Z"}
2024-09-05 14:44:21,357 INFO ===================Teardown Initialised=====================
2024-09-05 14:44:21,358 INFO Clean-up started
2024-09-05 14:44:21,358 INFO clean completed
2024-09-05 14:44:21,358 INFO ===================Teardown Completed=======================
2024-09-05 14:44:21,358 INFO ===================Setup Initialised========================
2024-09-05 14:44:21,358 INFO creating driver instance created
2024-09-05 14:44:21,363 INFO Base url is : https://reqres.in/api/
2024-09-05 14:44:21,363 INFO ===================Setup Completed==========================
2024-09-05 14:44:21,363 INFO Base url is : https://reqres.in/api/
2024-09-05 14:44:21,363 INFO *********** executing test_007 ****************
2024-09-05 14:44:21,363 INFO Request url is : https://reqres.in/api/register
2024-09-05 14:44:21,363 INFO Initializing POST rest call from https://reqres.in/api/register
2024-09-05 14:44:21,868 INFO Response JSON : {"error":"Missing password"}
2024-09-05 14:44:21,868 INFO POST Response : {'error': 'Missing password'}
2024-09-05 14:44:21,868 INFO POST Request Status Code : 400
2024-09-05 14:44:21,868 ERROR POST Request Failed
2024-09-05 14:44:21,868 INFO Response JSON : {"error":"Missing password"}
2024-09-05 14:44:21,868 ERROR Response Error message: {'error': 'Missing password'}
2024-09-05 14:44:21,868 INFO Response JSON : {"error":"Missing password"}
2024-09-05 14:44:21,868 INFO ===================Teardown Initialised=====================
2024-09-05 14:44:21,868 INFO Clean-up started
2024-09-05 14:44:21,868 INFO clean completed
2024-09-05 14:44:21,868 INFO ===================Teardown Completed=======================
