2024-09-05 15:22:13,294 INFO Starting test setup process...
2024-09-05 15:22:13,294 INFO Generating authentication token...
2024-09-05 15:22:13,294 INFO Base url is : https://reqres.in/api/
2024-09-05 15:22:13,294 INFO Authentication token generated successfully.
2024-09-05 15:22:13,294 INFO Test setup completed. Ready to execute tests.
2024-09-05 15:22:13,307 INFO Base url is : https://reqres.in/api/
2024-09-05 15:22:13,307 INFO *********** executing test_004 ****************
2024-09-05 15:22:13,307 INFO Request url is : https://reqres.in/api/objects/6
2024-09-05 15:22:13,307 INFO Initializing DELETE REST call from https://reqres.in/api/objects/6
2024-09-05 15:22:13,869 ERROR Unknown content type or empty response.
2024-09-05 15:22:13,872 INFO DELETE Response : None
2024-09-05 15:22:13,872 INFO DELETE request Status code : 400
2024-09-05 15:22:13,872 ERROR PUT request Failed...!!!
2024-09-05 15:22:13,872 ERROR Unknown content type or empty response.
2024-09-05 15:22:13,872 ERROR Response Error Message: None
2024-09-05 15:22:13,872 ERROR Unknown content type or empty response.
2024-09-05 15:22:13,872 INFO Starting test cleanup process...
2024-09-05 15:22:13,872 INFO Cleaning up authentication token...
2024-09-05 15:22:13,878 INFO Authentication token cleaned up successfully.
2024-09-05 15:22:13,878 INFO Test cleanup completed. Resources released.
2024-09-05 15:22:13,887 INFO Starting test setup process...
2024-09-05 15:22:13,887 INFO Generating authentication token...
2024-09-05 15:22:13,887 INFO Base url is : https://reqres.in/api/
2024-09-05 15:22:13,887 INFO Authentication token generated successfully.
2024-09-05 15:22:13,887 INFO Test setup completed. Ready to execute tests.
2024-09-05 15:22:13,894 INFO Base url is : https://reqres.in/api/
2024-09-05 15:22:13,894 INFO *********** executing test_001 ****************
2024-09-05 15:22:13,894 INFO Request url is : https://reqres.in/api/users/2
2024-09-05 15:22:13,894 INFO Initializing GET rest call from https://reqres.in/api/users/2
2024-09-05 15:22:14,005 INFO Response JSON : {"data":{"id":2,"email":"janet.weaver@reqres.in","first_name":"Janet","last_name":"Weaver","avatar":"https://reqres.in/img/faces/2-image.jpg"},"support":{"url":"https://reqres.in/#support-heading","text":"To keep ReqRes free, contributions towards server costs are appreciated!"}}
2024-09-05 15:22:14,005 INFO GET Response : {'data': {'id': 2, 'email': 'janet.weaver@reqres.in', 'first_name': 'Janet', 'last_name': 'Weaver', 'avatar': 'https://reqres.in/img/faces/2-image.jpg'}, 'support': {'url': 'https://reqres.in/#support-heading', 'text': 'To keep ReqRes free, contributions towards server costs are appreciated!'}}
2024-09-05 15:22:14,005 INFO GET Request Status Code : 200
2024-09-05 15:22:14,005 INFO GET request is Successful.....
2024-09-05 15:22:14,005 INFO Response JSON : {"data":{"id":2,"email":"janet.weaver@reqres.in","first_name":"Janet","last_name":"Weaver","avatar":"https://reqres.in/img/faces/2-image.jpg"},"support":{"url":"https://reqres.in/#support-heading","text":"To keep ReqRes free, contributions towards server costs are appreciated!"}}
2024-09-05 15:22:14,005 INFO type of json response : <class 'dict'>
2024-09-05 15:22:14,020 INFO JSON data successfully saved to API_Requests/Data/Request_Body\get_data.json
2024-09-05 15:22:14,022 INFO Starting test cleanup process...
2024-09-05 15:22:14,023 INFO Cleaning up authentication token...
2024-09-05 15:22:14,023 INFO Authentication token cleaned up successfully.
2024-09-05 15:22:14,023 INFO Test cleanup completed. Resources released.
2024-09-05 15:22:14,031 INFO Starting test setup process...
2024-09-05 15:22:14,031 INFO Generating authentication token...
2024-09-05 15:22:14,031 INFO Base url is : https://reqres.in/api/
2024-09-05 15:22:14,031 INFO Authentication token generated successfully.
2024-09-05 15:22:14,031 INFO Test setup completed. Ready to execute tests.
2024-09-05 15:22:14,036 INFO Base url is : https://reqres.in/api/
2024-09-05 15:22:14,036 INFO *********** executing test_001 ****************
2024-09-05 15:22:14,036 INFO Request url is : https://reqres.in/api/unknown/23
2024-09-05 15:22:14,036 INFO Initializing GET rest call from https://reqres.in/api/unknown/23
2024-09-05 15:22:14,574 ERROR Unknown content type or empty response.
2024-09-05 15:22:14,574 INFO GET Response : None
2024-09-05 15:22:14,574 INFO GET Request Status Code : 400
2024-09-05 15:22:14,574 ERROR GET Request failed....!!!
2024-09-05 15:22:14,574 ERROR Unknown content type or empty response.
2024-09-05 15:22:14,574 ERROR Response Error Message: None
2024-09-05 15:22:14,574 ERROR Unknown content type or empty response.
2024-09-05 15:22:14,685 INFO Starting test cleanup process...
2024-09-05 15:22:14,685 INFO Cleaning up authentication token...
2024-09-05 15:22:14,685 INFO Authentication token cleaned up successfully.
2024-09-05 15:22:14,685 INFO Test cleanup completed. Resources released.
2024-09-05 15:22:14,696 INFO Starting test setup process...
2024-09-05 15:22:14,696 INFO Generating authentication token...
2024-09-05 15:22:14,696 INFO Base url is : https://reqres.in/api/
2024-09-05 15:22:14,696 INFO Authentication token generated successfully.
2024-09-05 15:22:14,696 INFO Test setup completed. Ready to execute tests.
2024-09-05 15:22:14,700 INFO Base url is : https://reqres.in/api/
2024-09-05 15:22:14,701 INFO JSON data successfully read from API_Requests/Data/Request_Body\post_data.json
2024-09-05 15:22:14,701 INFO *********** executing test_005 ****************
2024-09-05 15:22:14,701 INFO Request url is : https://reqres.in/api/users
2024-09-05 15:22:14,701 INFO Initializing POST rest call from https://reqres.in/api/users
2024-09-05 15:22:15,191 INFO Response JSON : {"name":"morpheus","job":"leader","id":"732","createdAt":"2024-09-05T09:50:42.384Z"}
2024-09-05 15:22:15,191 INFO POST Response : {'name': 'morpheus', 'job': 'leader', 'id': '732', 'createdAt': '2024-09-05T09:50:42.384Z'}
2024-09-05 15:22:15,191 INFO POST Request Status Code : 201
2024-09-05 15:22:15,191 INFO POST Request Status Code : 201
2024-09-05 15:22:15,191 INFO POST request is successful...
2024-09-05 15:22:15,191 INFO Response JSON : {"name":"morpheus","job":"leader","id":"732","createdAt":"2024-09-05T09:50:42.384Z"}
2024-09-05 15:22:15,191 INFO Starting test cleanup process...
2024-09-05 15:22:15,191 INFO Cleaning up authentication token...
2024-09-05 15:22:15,191 INFO Authentication token cleaned up successfully.
2024-09-05 15:22:15,191 INFO Test cleanup completed. Resources released.
2024-09-05 15:22:15,206 INFO Starting test setup process...
2024-09-05 15:22:15,209 INFO Generating authentication token...
2024-09-05 15:22:15,209 INFO Base url is : https://reqres.in/api/
2024-09-05 15:22:15,209 INFO Authentication token generated successfully.
2024-09-05 15:22:15,209 INFO Test setup completed. Ready to execute tests.
2024-09-05 15:22:15,209 INFO Base url is : https://reqres.in/api/
2024-09-05 15:22:15,209 INFO *********** executing test_002 ****************
2024-09-05 15:22:15,209 INFO Request url is : https://reqres.in/api/users
2024-09-05 15:22:15,209 INFO Initializing POST rest call from https://reqres.in/api/users
2024-09-05 15:22:15,696 INFO Response JSON : {"name":"morpheus","job":"leader","id":"712","createdAt":"2024-09-05T09:50:42.921Z"}
2024-09-05 15:22:15,696 INFO POST Response : {'name': 'morpheus', 'job': 'leader', 'id': '712', 'createdAt': '2024-09-05T09:50:42.921Z'}
2024-09-05 15:22:15,696 INFO POST Request Status Code : 201
2024-09-05 15:22:15,696 INFO POST Request Status Code : 201
2024-09-05 15:22:15,696 INFO POST request is successful...
2024-09-05 15:22:15,696 INFO Response JSON : {"name":"morpheus","job":"leader","id":"712","createdAt":"2024-09-05T09:50:42.921Z"}
2024-09-05 15:22:15,711 INFO Starting test cleanup process...
2024-09-05 15:22:15,711 INFO Cleaning up authentication token...
2024-09-05 15:22:15,711 INFO Authentication token cleaned up successfully.
2024-09-05 15:22:15,711 INFO Test cleanup completed. Resources released.
2024-09-05 15:22:15,739 INFO Starting test setup process...
2024-09-05 15:22:15,739 INFO Generating authentication token...
2024-09-05 15:22:15,743 INFO Base url is : https://reqres.in/api/
2024-09-05 15:22:15,743 INFO Authentication token generated successfully.
2024-09-05 15:22:15,743 INFO Test setup completed. Ready to execute tests.
2024-09-05 15:22:15,743 INFO Base url is : https://reqres.in/api/
2024-09-05 15:22:15,743 INFO JSON data successfully read from API_Requests/Data/Request_Body\put_data.json
2024-09-05 15:22:15,743 INFO *********** executing test_003 ****************
2024-09-05 15:22:15,743 INFO Request url is : https://reqres.in/api/users/2
2024-09-05 15:22:15,743 INFO Initializing PUT rest call from https://reqres.in/api/users/2
2024-09-05 15:22:16,221 INFO Response JSON : {"name":"morpheus","job":"zion resident","updatedAt":"2024-09-05T09:50:43.422Z"}
2024-09-05 15:22:16,221 INFO PUT Response : {'name': 'morpheus', 'job': 'zion resident', 'updatedAt': '2024-09-05T09:50:43.422Z'}
2024-09-05 15:22:16,221 INFO PUT request Status code : 200
2024-09-05 15:22:16,221 INFO PUT request is successful.....
2024-09-05 15:22:16,221 INFO Response JSON : {"name":"morpheus","job":"zion resident","updatedAt":"2024-09-05T09:50:43.422Z"}
2024-09-05 15:22:16,221 INFO Starting test cleanup process...
2024-09-05 15:22:16,221 INFO Cleaning up authentication token...
2024-09-05 15:22:16,221 INFO Authentication token cleaned up successfully.
2024-09-05 15:22:16,221 INFO Test cleanup completed. Resources released.
2024-09-05 15:22:16,239 INFO Starting test setup process...
2024-09-05 15:22:16,239 INFO Generating authentication token...
2024-09-05 15:22:16,239 INFO Base url is : https://reqres.in/api/
2024-09-05 15:22:16,239 INFO Authentication token generated successfully.
2024-09-05 15:22:16,239 INFO Test setup completed. Ready to execute tests.
2024-09-05 15:22:16,239 INFO Base url is : https://reqres.in/api/
2024-09-05 15:22:16,239 INFO *********** executing test_007 ****************
2024-09-05 15:22:16,239 INFO Request url is : https://reqres.in/api/register
2024-09-05 15:22:16,239 INFO Initializing POST rest call from https://reqres.in/api/register
2024-09-05 15:22:16,730 INFO Response JSON : {"error":"Missing password"}
2024-09-05 15:22:16,730 INFO POST Response : {'error': 'Missing password'}
2024-09-05 15:22:16,730 INFO POST Request Status Code : 400
2024-09-05 15:22:16,730 ERROR POST Request Failed
2024-09-05 15:22:16,730 INFO Response JSON : {"error":"Missing password"}
2024-09-05 15:22:16,730 ERROR Response Error message: {'error': 'Missing password'}
2024-09-05 15:22:16,730 INFO Response JSON : {"error":"Missing password"}
2024-09-05 15:22:16,744 INFO Starting test cleanup process...
2024-09-05 15:22:16,744 INFO Cleaning up authentication token...
2024-09-05 15:22:16,744 INFO Authentication token cleaned up successfully.
2024-09-05 15:22:16,744 INFO Test cleanup completed. Resources released.
